<?xml version="1.0" encoding="UTF-8"?>
<!-- Generated by org.testng.reporters.JUnitReportReporter -->
<testsuite name="assignments.GmailOperations" tests="3" time="107.485" ignored="0" failures="0" timestamp="20 Jan 2017 12:17:37 GMT" skipped="0" hostname="SLB-F003P12" errors="0">
  <testcase name="labelFunctionality" time="22.658" classname="assignments.GmailOperations"/>
  <testcase name="selfEmail" time="38.363" classname="assignments.GmailOperations"/>
  <testcase name="sendEmail" time="46.464" classname="assignments.GmailOperations"/>
</testsuite> <!-- assignments.GmailOperations -->
