<?xml version="1.0" encoding="UTF-8"?>
<!-- Generated by org.testng.reporters.JUnitReportReporter -->
<testsuite name="assignments.FileOperations" tests="1" time="0.009" ignored="1" failures="0" timestamp="21 Jan 2017 05:07:08 GMT" skipped="0" hostname="SLB-F003P12" errors="0">
  <testcase name="filePermissions" time="0.009" classname="assignments.FileOperations"/>
  <testcase name="fileReadWrite" classname="assignments.FileOperations">
    <skipped/>
  </testcase> <!-- fileReadWrite -->
</testsuite> <!-- assignments.FileOperations -->
